# JRE version: OpenJDK Runtime Environment AdoptOpenJDK (14.0.2+12) (build 14.0.2+12)
# Java VM: OpenJDK 64-Bit Server VM AdoptOpenJDK (14.0.2+12, mixed mode, sharing, tiered, compressed oops, g1 gc, windows-amd64)
Heap:
 garbage-first heap   total 304128K, used 181248K [0x00000000e0000000, 0x0000000100000000)
  region size 1024K, 19 young (19456K), 6 survivors (6144K)
 Metaspace       used 113301K, capacity 115450K, committed 119120K, reserved 358400K
  class space    used 14563K, capacity 15300K, committed 15996K, reserved 253952K
GC Heap History (20 events):
Event: 559.545 GC heap before
{Heap before GC invocations=26 (full 0):
 garbage-first heap   total 265216K, used 221897K [0x00000000e0000000, 0x0000000100000000)
  region size 1024K, 94 young (96256K), 6 survivors (6144K)
 Metaspace       used 112446K, capacity 115614K, committed 115920K, reserved 354304K
  class space    used 14737K, capacity 15690K, committed 15868K, reserved 253952K
}
Event: 559.561 GC heap after
{Heap after GC invocations=27 (full 0):
 garbage-first heap   total 265216K, used 137488K [0x00000000e0000000, 0x0000000100000000)
  region size 1024K, 10 young (10240K), 10 survivors (10240K)
 Metaspace       used 112446K, capacity 115614K, committed 115920K, reserved 354304K
  class space    used 14737K, capacity 15690K, committed 15868K, reserved 253952K
}
Event: 559.653 GC heap before
{Heap before GC invocations=27 (full 0):
 garbage-first heap   total 265216K, used 139536K [0x00000000e0000000, 0x0000000100000000)
  region size 1024K, 12 young (12288K), 10 survivors (10240K)
 Metaspace       used 112446K, capacity 115614K, committed 115920K, reserved 354304K
  class space    used 14737K, capacity 15690K, committed 15868K, reserved 253952K
}
Event: 559.715 GC heap after
{Heap after GC invocations=28 (full 0):
 garbage-first heap   total 265216K, used 126976K [0x00000000e0000000, 0x0000000100000000)
  region size 1024K, 2 young (2048K), 2 survivors (2048K)
 Metaspace       used 112446K, capacity 115614K, committed 115920K, reserved 354304K
  class space    used 14737K, capacity 15690K, committed 15868K, reserved 253952K
}
Event: 1212.155 GC heap before
{Heap before GC invocations=28 (full 0):
 garbage-first heap   total 265216K, used 221184K [0x00000000e0000000, 0x0000000100000000)
  region size 1024K, 95 young (97280K), 2 survivors (2048K)
 Metaspace       used 114250K, capacity 117521K, committed 117840K, reserved 356352K
  class space    used 14944K, capacity 15882K, committed 15996K, reserved 253952K
}
Event: 1212.213 GC heap after
{Heap after GC invocations=29 (full 0):
 garbage-first heap   total 265216K, used 131326K [0x00000000e0000000, 0x0000000100000000)
  region size 1024K, 6 young (6144K), 6 survivors (6144K)
 Metaspace       used 114250K, capacity 117521K, committed 117840K, reserved 356352K
  class space    used 14944K, capacity 15882K, committed 15996K, reserved 253952K
}
Event: 1216.270 GC heap before
{Heap before GC invocations=30 (full 0):
 garbage-first heap   total 265216K, used 221438K [0x00000000e0000000, 0x0000000100000000)
  region size 1024K, 95 young (97280K), 6 survivors (6144K)
 Metaspace       used 115087K, capacity 117627K, committed 118608K, reserved 358400K
  class space    used 14872K, capacity 15674K, committed 15996K, reserved 253952K
}
Event: 1216.300 GC heap after
{Heap after GC invocations=31 (full 0):
 garbage-first heap   total 265216K, used 136459K [0x00000000e0000000, 0x0000000100000000)
  region size 1024K, 11 young (11264K), 11 survivors (11264K)
 Metaspace       used 115087K, capacity 117627K, committed 118608K, reserved 358400K
  class space    used 14872K, capacity 15674K, committed 15996K, reserved 253952K
}
Event: 1216.364 GC heap before
{Heap before GC invocations=31 (full 0):
 garbage-first heap   total 265216K, used 137483K [0x00000000e0000000, 0x0000000100000000)
  region size 1024K, 12 young (12288K), 11 survivors (11264K)
 Metaspace       used 115096K, capacity 117636K, committed 118608K, reserved 358400K
  class space    used 14874K, capacity 15677K, committed 15996K, reserved 253952K
}
Event: 1216.511 GC heap after
{Heap after GC invocations=32 (full 0):
 garbage-first heap   total 265216K, used 121955K [0x00000000e0000000, 0x0000000100000000)
  region size 1024K, 2 young (2048K), 2 survivors (2048K)
 Metaspace       used 115096K, capacity 117636K, committed 118608K, reserved 358400K
  class space    used 14874K, capacity 15677K, committed 15996K, reserved 253952K
}
Event: 1218.124 GC heap before
{Heap before GC invocations=32 (full 0):
 garbage-first heap   total 265216K, used 149603K [0x00000000e0000000, 0x0000000100000000)
  region size 1024K, 30 young (30720K), 2 survivors (2048K)
 Metaspace       used 115652K, capacity 118086K, committed 119120K, reserved 358400K
  class space    used 14941K, capacity 15736K, committed 15996K, reserved 253952K
}
Event: 1218.131 GC heap after
{Heap after GC invocations=33 (full 0):
 garbage-first heap   total 265216K, used 122877K [0x00000000e0000000, 0x0000000100000000)
  region size 1024K, 3 young (3072K), 3 survivors (3072K)
 Metaspace       used 115652K, capacity 118086K, committed 119120K, reserved 358400K
  class space    used 14941K, capacity 15736K, committed 15996K, reserved 253952K
}
Event: 1219.525 GC heap before
{Heap before GC invocations=34 (full 0):
 garbage-first heap   total 265216K, used 224253K [0x00000000e0000000, 0x0000000100000000)
  region size 1024K, 99 young (101376K), 3 survivors (3072K)
 Metaspace       used 113290K, capacity 115451K, committed 119120K, reserved 358400K
  class space    used 14562K, capacity 15300K, committed 15996K, reserved 253952K
}
Event: 1219.710 GC heap after
{Heap after GC invocations=35 (full 0):
 garbage-first heap   total 265216K, used 146807K [0x00000000e0000000, 0x0000000100000000)
  region size 1024K, 13 young (13312K), 13 survivors (13312K)
 Metaspace       used 113290K, capacity 115451K, committed 119120K, reserved 358400K
  class space    used 14562K, capacity 15300K, committed 15996K, reserved 253952K
}
Event: 1219.745 GC heap before
{Heap before GC invocations=35 (full 0):
 garbage-first heap   total 265216K, used 147831K [0x00000000e0000000, 0x0000000100000000)
  region size 1024K, 14 young (14336K), 13 survivors (13312K)
 Metaspace       used 113291K, capacity 115451K, committed 119120K, reserved 358400K
  class space    used 14562K, capacity 15300K, committed 15996K, reserved 253952K
}
Event: 1220.497 GC heap after
{Heap after GC invocations=36 (full 0):
 garbage-first heap   total 265216K, used 127953K [0x00000000e0000000, 0x0000000100000000)
  region size 1024K, 2 young (2048K), 2 survivors (2048K)
 Metaspace       used 113291K, capacity 115451K, committed 119120K, reserved 358400K
  class space    used 14562K, capacity 15300K, committed 15996K, reserved 253952K
}
Event: 1220.889 GC heap before
{Heap before GC invocations=36 (full 0):
 garbage-first heap   total 265216K, used 188369K [0x00000000e0000000, 0x0000000100000000)
  region size 1024K, 61 young (62464K), 2 survivors (2048K)
 Metaspace       used 113304K, capacity 115456K, committed 119120K, reserved 358400K
  class space    used 14564K, capacity 15302K, committed 15996K, reserved 253952K
}
Event: 1220.924 GC heap after
{Heap after GC invocations=37 (full 0):
 garbage-first heap   total 265216K, used 152064K [0x00000000e0000000, 0x0000000100000000)
  region size 1024K, 8 young (8192K), 8 survivors (8192K)
 Metaspace       used 113304K, capacity 115456K, committed 119120K, reserved 358400K
  class space    used 14564K, capacity 15302K, committed 15996K, reserved 253952K
}
Event: 1221.178 GC heap before
{Heap before GC invocations=37 (full 0):
 garbage-first heap   total 265216K, used 192000K [0x00000000e0000000, 0x0000000100000000)
  region size 1024K, 47 young (48128K), 8 survivors (8192K)
 Metaspace       used 113304K, capacity 115456K, committed 119120K, reserved 358400K
  class space    used 14564K, capacity 15302K, committed 15996K, reserved 253952K
}
Event: 1221.320 GC heap after
{Heap after GC invocations=38 (full 0):
 garbage-first heap   total 265216K, used 168960K [0x00000000e0000000, 0x0000000100000000)
  region size 1024K, 6 young (6144K), 6 survivors (6144K)
 Metaspace       used 113304K, capacity 115456K, committed 119120K, reserved 358400K
  class space    used 14564K, capacity 15302K, committed 15996K, reserved 253952K
}

